[0m00:05:33.649695 [debug] [MainThread]: Sending event: {'category': 'dbt', 'action': 'invocation', 'label': 'start', 'context': [<snowplow_tracker.self_describing_json.SelfDescribingJson object at 0x70c10a806310>, <snowplow_tracker.self_describing_json.SelfDescribingJson object at 0x70c10a7bc110>, <snowplow_tracker.self_describing_json.SelfDescribingJson object at 0x70c10a8055d0>]}


============================== 00:05:33.655622 | 37076b1f-1373-440c-8984-f8f1b8c56b86 ==============================
[0m00:05:33.655622 [info ] [MainThread]: Running with dbt=1.8.6
[0m00:05:33.657754 [debug] [MainThread]: running dbt with arguments {'printer_width': '80', 'indirect_selection': 'eager', 'log_cache_events': 'False', 'write_json': 'True', 'partial_parse': 'True', 'cache_selected_only': 'False', 'warn_error': 'None', 'debug': 'False', 'fail_fast': 'False', 'log_path': 'logs', 'version_check': 'True', 'profiles_dir': '/root/.dbt', 'use_colors': 'True', 'use_experimental_parser': 'False', 'no_print': 'None', 'quiet': 'False', 'empty': 'None', 'log_format': 'default', 'introspect': 'True', 'warn_error_options': 'WarnErrorOptions(include=[], exclude=[])', 'invocation_command': 'dbt init lakehouse_project', 'target_path': 'None', 'static_parser': 'True', 'send_anonymous_usage_stats': 'True'}
[0m00:05:33.670215 [warn ] [MainThread]: [ConfigFolderDirectory]: Unable to parse logging event dictionary. Failed to parse dir field: expected string or bytes-like object, got 'PosixPath'.. Dictionary: {'dir': PosixPath('/root/.dbt')}
[0m00:05:33.675335 [info ] [MainThread]: Creating dbt configuration folder at 
[0m00:05:33.678778 [debug] [MainThread]: Starter project path: /usr/local/lib/python3.11/site-packages/dbt/include/starter_project
[0m00:05:33.791897 [info ] [MainThread]: 
Your new dbt project "lakehouse_project" was created!

For more information on how to configure the profiles.yml file,
please consult the dbt documentation here:

  https://docs.getdbt.com/docs/configure-your-profile

One more thing:

Need help? Don't hesitate to reach out to us via GitHub issues or on Slack:

  https://community.getdbt.com/

Happy modeling!

[0m00:05:33.792747 [info ] [MainThread]: Setting up your profile.
[0m00:05:48.742898 [info ] [MainThread]: Profile lakehouse_project written to /root/.dbt/profiles.yml using target's sample configuration. Once updated, you'll be able to start developing with dbt.
[0m00:05:48.746227 [debug] [MainThread]: Resource report: {"command_name": "init", "command_success": true, "command_wall_clock_time": 15.128078, "process_user_time": 0.994604, "process_kernel_time": 0.191731, "process_mem_max_rss": "120436", "process_in_blocks": "141840", "process_out_blocks": "8"}
[0m00:05:48.747359 [debug] [MainThread]: Command `dbt init` succeeded at 00:05:48.747275 after 15.13 seconds
[0m00:05:48.748632 [debug] [MainThread]: Sending event: {'category': 'dbt', 'action': 'invocation', 'label': 'end', 'context': [<snowplow_tracker.self_describing_json.SelfDescribingJson object at 0x70c10a7c51d0>, <snowplow_tracker.self_describing_json.SelfDescribingJson object at 0x70c10ececc50>, <snowplow_tracker.self_describing_json.SelfDescribingJson object at 0x70c10a89f050>]}
[0m00:05:48.749503 [debug] [MainThread]: Flushing usage events
